<?xml version="1.0" encoding="UTF-8"?>
<!-- Generated by org.testng.reporters.JUnitReportReporter -->
<testsuite hostname="DESKTOP-U7TEA4J" failures="0" tests="1" name="tests.FourTest" time="117.528" errors="0" timestamp="2022-03-30T12:24:15 IST" skipped="0">
  <testcase classname="tests.FourTest" name="fourTest" time="117.528"/>
  <system-out/>
</testsuite> <!-- tests.FourTest -->
