<?xml version="1.0" encoding="UTF-8"?>
<!-- Generated by org.testng.reporters.JUnitReportReporter -->
<testsuite hostname="DESKTOP-U7TEA4J" failures="0" tests="1" name="runner.Runner" time="25.939" errors="0" timestamp="2022-04-06T11:25:13 IST" skipped="0">
  <testcase classname="runner.Runner" name="runScenario" time="25.939"/>
  <system-out/>
</testsuite> <!-- runner.Runner -->
