<?xml version="1.0" encoding="UTF-8"?>
<!-- Generated by org.testng.reporters.JUnitReportReporter -->
<testsuite hostname="DESKTOP-U7TEA4J" failures="0" tests="1" name="tests.FourTest" time="73.022" errors="0" timestamp="2022-04-06T11:37:51 IST" skipped="0">
  <testcase classname="tests.FourTest" name="fourTest" time="73.022"/>
  <system-out/>
</testsuite> <!-- tests.FourTest -->
