<?xml version="1.0" encoding="UTF-8"?>
<!-- Generated by org.testng.reporters.JUnitReportReporter -->
<testsuite hostname="DESKTOP-U7TEA4J" failures="0" tests="1" name="tests.TwoTest" time="66.094" errors="0" timestamp="2022-04-06T11:37:51 IST" skipped="0">
  <testcase classname="tests.TwoTest" name="twoTest" time="66.094"/>
  <system-out/>
</testsuite> <!-- tests.TwoTest -->
